#! /usr/local/bin/vvp
:ivl_version "13.0 (devel)" "(s20250103-26-gb0c57ab17)";
:ivl_delay_selection "TYPICAL";
:vpi_time_precision + 0;
:vpi_module "/usr/local/lib/ivl/system.vpi";
:vpi_module "/usr/local/lib/ivl/vhdl_sys.vpi";
:vpi_module "/usr/local/lib/ivl/vhdl_textio.vpi";
:vpi_module "/usr/local/lib/ivl/v2005_math.vpi";
:vpi_module "/usr/local/lib/ivl/va_math.vpi";
S_0x5600a8ad4f70 .scope module, "Read_Encoder" "Read_Encoder" 2 1;
 .timescale 0 0;
    .port_info 0 /INPUT 1 "clk";
    .port_info 1 /INPUT 1 "rst_n";
    .port_info 2 /INPUT 1 "A";
    .port_info 3 /INPUT 1 "B";
    .port_info 4 /OUTPUT 2 "dir";
P_0x5600a8ad5100 .param/l "DEFINE_SENTIDO" 1 2 12, C4<10>;
P_0x5600a8ad5140 .param/l "PRIMEIRO_SINAL" 1 2 11, C4<01>;
P_0x5600a8ad5180 .param/l "RESET" 1 2 10, C4<00>;
o0x7fa1af391018 .functor BUFZ 1, c4<z>; HiZ drive
v0x5600a8afd130_0 .net "A", 0 0, o0x7fa1af391018;  0 drivers
o0x7fa1af391048 .functor BUFZ 1, c4<z>; HiZ drive
v0x5600a8b25040_0 .net "B", 0 0, o0x7fa1af391048;  0 drivers
o0x7fa1af391078 .functor BUFZ 1, c4<z>; HiZ drive
v0x5600a8b25100_0 .net "clk", 0 0, o0x7fa1af391078;  0 drivers
v0x5600a8b251d0_0 .var "contador_antihorario", 2 0;
v0x5600a8b252b0_0 .var "contador_horario", 2 0;
v0x5600a8b253e0_0 .var "dir", 1 0;
v0x5600a8b254c0_0 .var "estado", 1 0;
v0x5600a8b255a0_0 .var "proximo_estado", 1 0;
o0x7fa1af391198 .functor BUFZ 1, c4<z>; HiZ drive
v0x5600a8b25680_0 .net "rst_n", 0 0, o0x7fa1af391198;  0 drivers
v0x5600a8b25740_0 .var "ultimo_estado_a", 0 0;
v0x5600a8b25800_0 .var "ultimo_estado_b", 0 0;
E_0x5600a8ad58e0 .event posedge, v0x5600a8b25100_0;
E_0x5600a8b0eaa0 .event anyedge, v0x5600a8b254c0_0;
E_0x5600a8b0ec00/0 .event negedge, v0x5600a8b25680_0;
E_0x5600a8b0ec00/1 .event posedge, v0x5600a8b25100_0;
E_0x5600a8b0ec00 .event/or E_0x5600a8b0ec00/0, E_0x5600a8b0ec00/1;
    .scope S_0x5600a8ad4f70;
T_0 ;
    %wait E_0x5600a8b0ec00;
    %load/vec4 v0x5600a8b25680_0;
    %nor/r;
    %flag_set/vec4 8;
    %jmp/0xz  T_0.0, 8;
    %pushi/vec4 0, 0, 2;
    %store/vec4 v0x5600a8b254c0_0, 0, 2;
T_0.0 ;
    %jmp T_0;
    .thread T_0;
    .scope S_0x5600a8ad4f70;
T_1 ;
    %wait E_0x5600a8b0eaa0;
    %load/vec4 v0x5600a8b254c0_0;
    %dup/vec4;
    %pushi/vec4 0, 0, 2;
    %cmp/u;
    %jmp/1 T_1.0, 6;
    %dup/vec4;
    %pushi/vec4 1, 0, 2;
    %cmp/u;
    %jmp/1 T_1.1, 6;
    %dup/vec4;
    %pushi/vec4 2, 0, 2;
    %cmp/u;
    %jmp/1 T_1.2, 6;
    %jmp T_1.4;
T_1.0 ;
    %pushi/vec4 1, 0, 2;
    %store/vec4 v0x5600a8b255a0_0, 0, 2;
    %pushi/vec4 0, 0, 3;
    %store/vec4 v0x5600a8b252b0_0, 0, 3;
    %pushi/vec4 0, 0, 3;
    %store/vec4 v0x5600a8b251d0_0, 0, 3;
    %jmp T_1.4;
T_1.1 ;
    %load/vec4 v0x5600a8afd130_0;
    %store/vec4 v0x5600a8b25740_0, 0, 1;
    %load/vec4 v0x5600a8b25040_0;
    %store/vec4 v0x5600a8b25800_0, 0, 1;
    %pushi/vec4 2, 0, 2;
    %store/vec4 v0x5600a8b255a0_0, 0, 2;
    %jmp T_1.4;
T_1.2 ;
    %load/vec4 v0x5600a8afd130_0;
    %load/vec4 v0x5600a8b25040_0;
    %cmp/ne;
    %jmp/0xz  T_1.5, 4;
    %load/vec4 v0x5600a8afd130_0;
    %load/vec4 v0x5600a8b25740_0;
    %cmp/ne;
    %jmp/0xz  T_1.7, 4;
    %load/vec4 v0x5600a8b252b0_0;
    %pad/u 32;
    %cmpi/u 5, 0, 32;
    %flag_mov 8, 5;
    %jmp/0 T_1.9, 8;
    %load/vec4 v0x5600a8b252b0_0;
    %addi 1, 0, 3;
    %jmp/1 T_1.10, 8;
T_1.9 ; End of true expr.
    %pushi/vec4 0, 0, 3;
    %jmp/0 T_1.10, 8;
 ; End of false expr.
    %blend;
T_1.10;
    %store/vec4 v0x5600a8b252b0_0, 0, 3;
    %jmp T_1.8;
T_1.7 ;
    %load/vec4 v0x5600a8b25040_0;
    %load/vec4 v0x5600a8b25800_0;
    %cmp/ne;
    %jmp/0xz  T_1.11, 4;
    %load/vec4 v0x5600a8b251d0_0;
    %pad/u 32;
    %cmpi/u 5, 0, 32;
    %flag_mov 8, 5;
    %jmp/0 T_1.13, 8;
    %load/vec4 v0x5600a8b251d0_0;
    %addi 1, 0, 3;
    %jmp/1 T_1.14, 8;
T_1.13 ; End of true expr.
    %pushi/vec4 0, 0, 3;
    %jmp/0 T_1.14, 8;
 ; End of false expr.
    %blend;
T_1.14;
    %store/vec4 v0x5600a8b251d0_0, 0, 3;
T_1.11 ;
T_1.8 ;
    %pushi/vec4 1, 0, 2;
    %store/vec4 v0x5600a8b255a0_0, 0, 2;
T_1.5 ;
    %jmp T_1.4;
T_1.4 ;
    %pop/vec4 1;
    %jmp T_1;
    .thread T_1, $push;
    .scope S_0x5600a8ad4f70;
T_2 ;
    %wait E_0x5600a8ad58e0;
    %load/vec4 v0x5600a8b252b0_0;
    %cmpi/ne 0, 0, 3;
    %jmp/0xz  T_2.0, 4;
    %pushi/vec4 1, 0, 2;
    %store/vec4 v0x5600a8b253e0_0, 0, 2;
    %jmp T_2.1;
T_2.0 ;
    %load/vec4 v0x5600a8b251d0_0;
    %cmpi/ne 0, 0, 3;
    %jmp/0xz  T_2.2, 4;
    %pushi/vec4 2, 0, 2;
    %store/vec4 v0x5600a8b253e0_0, 0, 2;
    %jmp T_2.3;
T_2.2 ;
    %pushi/vec4 0, 0, 2;
    %store/vec4 v0x5600a8b253e0_0, 0, 2;
T_2.3 ;
T_2.1 ;
    %jmp T_2;
    .thread T_2;
# The file index is used to find the file name in the following table.
:file_names 3;
    "N/A";
    "<interactive>";
    "read_encoder.v";
